root - INFO - Querying NASA EPA for 111 targets:
['55 Cnc e' 'GJ 1132 b' 'GJ 1214 b' 'GJ 3470 b' 'GJ 357 b' 'GJ 367 b'
 'GJ 436 b' 'GJ 486 b' 'HAT-P-1 b' 'HAT-P-12 b' 'HAT-P-26 b' 'HATS-72 b'
 'HD 149026 b' 'HD 15337 b' 'HD 15337 c' 'HD 189733 b' 'HD 209458 b'
 'HD 80606 b' 'HIP 67522 b' 'K2-141 b' 'K2-18 b' 'Kepler-51 b'
 'Kepler-51 d' 'L 168-9 b' 'L 98-59 c' 'L 98-59 d' 'LHS 1140 b'
 'LHS 3844 b' 'LP 791-18 b' 'LTT 1445 A b' 'LTT 9779 b' 'NGTS-10 b'
 'TOI 260 b' 'TOI 421 b' 'TOI 776 b' 'TOI 776 c' 'TOI 836 b' 'TOI 836 c'
 'TOI 910.01' 'TOI-741.01' 'TRAPPIST-1 b' 'TRAPPIST-1 c' 'TRAPPIST-1 d'
 'TRAPPIST-1 e' 'TRAPPIST-1 f' 'TRAPPIST-1 g' 'TRAPPIST-1 h' 'V1298 Tau b'
 'V1298 Tau c' 'WASP-107 b' 'WASP-121 b' 'WASP-127 b' 'WASP-166 b'
 'WASP-17 b' 'WASP-178 b' 'WASP-18 b' 'WASP-19 b' 'WASP-39 b' 'WASP-43 b'
 'WASP-52 b' 'WASP-63 b' 'WASP-69 b' 'WASP-77 A b' 'WASP-80 b' 'WASP-96 b'
 'WD 1856+534 b' 'GJ 3090 b' 'GJ 3473 b' 'GJ 9827 d' 'HAT-P-11 b'
 'HAT-P-30 b' 'HAT-P-65 b' 'HATS-6 b' 'HATS-75 b' 'HD 106315 c'
 'HD 260655 b' 'K2-22 b' 'KELT-7 b' 'Kepler-12 b' 'PH2 b' 'TOI 270 b'
 'TOI 270 d' 'L 98-59 b' 'LHS 1140 c' 'LHS 1478 b' 'LTT 3780 b'
 'LTT 3780 c' 'NGTS-2 b' 'TOI-1130 b' 'TOI-1130 c' 'TOI-1231 b'
 'TOI-125 b' 'TOI-125 c' 'TOI-1468 b' 'TOI-1468 c' 'TOI-1685 b'
 'TOI-1899 b' 'TOI-2445 b' 'TOI-3235 b' 'TOI-3714 b' 'TOI-3757 b'
 'TOI-3984 b' 'TOI-5205 b' 'TOI-5293 b' 'TOI-561 b' 'TOI-824 b' 'TrES-4 b'
 'WASP-15 b' 'WASP-189 b' 'WASP-47 e' 'WASP-94 A b']

root - INFO - The following 12 targets could not be queried in the EPA:
['TOI 260 b' 'TOI 270 b' 'TOI 270 d' 'TOI 421 b' 'TOI 776 b' 'TOI 776 c'
 'TOI 836 b' 'TOI 836 c' 'TOI 910.01' 'TOI-3984 b' 'TOI-5293 b'
 'TOI-741.01']

root - INFO - ALL TARGETS
root - INFO - Plotting pl_orbsmax against st_teff
root - INFO - Not plotting ['HIP 67522 b' 'TOI-1468 c'] due to missing values!

root - INFO - SUB-NEPTUNES
root - INFO - Plotting pl_orbsmax against st_teff
root - INFO - Not plotting ['TOI-1468 c'] due to missing values!

root - INFO - SUPER-NEPTUNES
root - INFO - Plotting pl_orbsmax against st_teff
root - INFO - Not plotting ['HIP 67522 b'] due to missing values!

